Start testing: Aug 26 12:28 UTC
----------------------------------------------------------
1/13 Testing: link-workspace
1/13 Test: link-workspace
Command: "/home/runner/work/LINK/LINK/build/link-test-workspace"
Directory: /home/runner/work/LINK/LINK/build
"link-workspace" start time: Aug 26 12:28 UTC
Output:
----------------------------------------------------------
<end of output>
Test time =   0.00 sec
----------------------------------------------------------
Test Passed.
"link-workspace" end time: Aug 26 12:28 UTC
"link-workspace" time elapsed: 00:00:00
----------------------------------------------------------

2/13 Testing: link-i18n
2/13 Test: link-i18n
Command: "/home/runner/work/LINK/LINK/build/link-test-i18n"
Directory: /home/runner/work/LINK/LINK/build
"link-i18n" start time: Aug 26 12:28 UTC
Output:
----------------------------------------------------------
<end of output>
Test time =   0.00 sec
----------------------------------------------------------
Test Passed.
"link-i18n" end time: Aug 26 12:28 UTC
"link-i18n" time elapsed: 00:00:00
----------------------------------------------------------

3/13 Testing: link-fuel-economy
3/13 Test: link-fuel-economy
Command: "/home/runner/work/LINK/LINK/build/link-test-fuel-economy"
Directory: /home/runner/work/LINK/LINK/build
"link-fuel-economy" start time: Aug 26 12:28 UTC
Output:
----------------------------------------------------------
<end of output>
Test time =   0.00 sec
----------------------------------------------------------
Test Passed.
"link-fuel-economy" end time: Aug 26 12:28 UTC
"link-fuel-economy" time elapsed: 00:00:00
----------------------------------------------------------

4/13 Testing: link-diagnostic-flow
4/13 Test: link-diagnostic-flow
Command: "/home/runner/work/LINK/LINK/build/link-test-diagnostic-flow"
Directory: /home/runner/work/LINK/LINK/build
"link-diagnostic-flow" start time: Aug 26 12:28 UTC
Output:
----------------------------------------------------------
diagnostic flow tests passed
<end of output>
Test time =   0.00 sec
----------------------------------------------------------
Test Passed.
"link-diagnostic-flow" end time: Aug 26 12:28 UTC
"link-diagnostic-flow" time elapsed: 00:00:00
----------------------------------------------------------

5/13 Testing: link-isotp
5/13 Test: link-isotp
Command: "/home/runner/work/LINK/LINK/build/link-test-isotp"
Directory: /home/runner/work/LINK/LINK/build
"link-isotp" start time: Aug 26 12:28 UTC
Output:
----------------------------------------------------------
<end of output>
Test time =   0.00 sec
----------------------------------------------------------
Test Passed.
"link-isotp" end time: Aug 26 12:28 UTC
"link-isotp" time elapsed: 00:00:00
----------------------------------------------------------

6/13 Testing: link-runtime
6/13 Test: link-runtime
Command: "/home/runner/work/LINK/LINK/build/link-test-runtime"
Directory: /home/runner/work/LINK/LINK/build
"link-runtime" start time: Aug 26 12:28 UTC
Output:
----------------------------------------------------------
<end of output>
Test time =   0.00 sec
----------------------------------------------------------
Test Passed.
"link-runtime" end time: Aug 26 12:28 UTC
"link-runtime" time elapsed: 00:00:00
----------------------------------------------------------

7/13 Testing: link-elm327
7/13 Test: link-elm327
Command: "/home/runner/work/LINK/LINK/build/link-test-elm327"
Directory: /home/runner/work/LINK/LINK/build
"link-elm327" start time: Aug 26 12:28 UTC
Output:
----------------------------------------------------------
<end of output>
Test time =   0.00 sec
----------------------------------------------------------
Test Passed.
"link-elm327" end time: Aug 26 12:28 UTC
"link-elm327" time elapsed: 00:00:00
----------------------------------------------------------

8/13 Testing: link-obd2
8/13 Test: link-obd2
Command: "/home/runner/work/LINK/LINK/build/link-test-obd2"
Directory: /home/runner/work/LINK/LINK/build
"link-obd2" start time: Aug 26 12:28 UTC
Output:
----------------------------------------------------------
<end of output>
Test time =   0.00 sec
----------------------------------------------------------
Test Passed.
"link-obd2" end time: Aug 26 12:28 UTC
"link-obd2" time elapsed: 00:00:00
----------------------------------------------------------

9/13 Testing: link-dtc-knowledge
9/13 Test: link-dtc-knowledge
Command: "/home/runner/work/LINK/LINK/build/link-test-dtc-knowledge"
Directory: /home/runner/work/LINK/LINK/build
"link-dtc-knowledge" start time: Aug 26 12:28 UTC
Output:
----------------------------------------------------------
<end of output>
Test time =   0.00 sec
----------------------------------------------------------
Test Passed.
"link-dtc-knowledge" end time: Aug 26 12:28 UTC
"link-dtc-knowledge" time elapsed: 00:00:00
----------------------------------------------------------

10/13 Testing: link-uds
10/13 Test: link-uds
Command: "/home/runner/work/LINK/LINK/build/link-test-uds"
Directory: /home/runner/work/LINK/LINK/build
"link-uds" start time: Aug 26 12:28 UTC
Output:
----------------------------------------------------------
<end of output>
Test time =   0.00 sec
----------------------------------------------------------
Test Passed.
"link-uds" end time: Aug 26 12:28 UTC
"link-uds" time elapsed: 00:00:00
----------------------------------------------------------

11/13 Testing: link-discover-safety
11/13 Test: link-discover-safety
Command: "/home/runner/work/LINK/LINK/build/link-test-discover-safety"
Directory: /home/runner/work/LINK/LINK/build
"link-discover-safety" start time: Aug 26 12:28 UTC
Output:
----------------------------------------------------------
<end of output>
Test time =   0.00 sec
----------------------------------------------------------
Test Passed.
"link-discover-safety" end time: Aug 26 12:28 UTC
"link-discover-safety" time elapsed: 00:00:00
----------------------------------------------------------

12/13 Testing: link-evidence
12/13 Test: link-evidence
Command: "/home/runner/work/LINK/LINK/build/link-test-evidence"
Directory: /home/runner/work/LINK/LINK/build
"link-evidence" start time: Aug 26 12:28 UTC
Output:
----------------------------------------------------------
<end of output>
Test time =   0.00 sec
----------------------------------------------------------
Test Passed.
"link-evidence" end time: Aug 26 12:28 UTC
"link-evidence" time elapsed: 00:00:00
----------------------------------------------------------

13/13 Testing: link-ecu-probe
13/13 Test: link-ecu-probe
Command: "/home/runner/work/LINK/LINK/build/link-test-ecu-probe"
Directory: /home/runner/work/LINK/LINK/build
"link-ecu-probe" start time: Aug 26 12:28 UTC
Output:
----------------------------------------------------------
LINK ECU probe tests passed
<end of output>
Test time =   0.00 sec
----------------------------------------------------------
Test Passed.
"link-ecu-probe" end time: Aug 26 12:28 UTC
"link-ecu-probe" time elapsed: 00:00:00
----------------------------------------------------------

End testing: Aug 26 12:28 UTC
